Case #1: CAB
Case #2: MJA
Case #3: OCDE
Case #4: BAAAB
Case #5: CABCBBABC
Case #6: CBAABCABC
Case #7: ZXCASDQWE
Case #8: CBA
Case #9: ZDCBA
Case #10: BAAA
Case #11: CBABACCBBBCAACB
Case #12: CACCCBBBBBCAAAA
Case #13: ONMCJGIKDFHELBA
Case #14: CCCBCBABBCACCAB
Case #15: ZAAAA
Case #16: ZADBC
Case #17: CBBBBBCCACCAAAA
Case #18: CBBBBAAACACCCAB
Case #19: DCBAAAAAAABAC
Case #20: CBBABAABBBABA
Case #21: MABCDFGIKLMAJHE
Case #22: CBAAAAAAAAABA
Case #23: CBBBBBACCCAAAAC
Case #24: CAAACCCCBBABCCC
Case #25: ZEDCBAYXWU
Case #26: A
Case #27: OMBDEKGCAJILFNH
Case #28: CBBBABBACACACCA
Case #29: CAACACCBBBCCCAB
Case #30: CAAAACACBBAABBC
Case #31: YPNBGHDLWMRTVYD
Case #32: AA
Case #33: XNKFLNHVLVWTHHF
Case #34: BBB
Case #35: CAAACCAAAABBCBC
Case #36: ONMBCDEAGHIJKLF
Case #37: BA
Case #38: CAAABCBCCCAACAB
Case #39: CAB
Case #40: BAAA
Case #41: Z
Case #42: BAA
Case #43: ZXJPMBTBYBFGGGV
Case #44: DCBAAABAABBCC
Case #45: CBA
Case #46: ZABYCXDWEU
Case #47: CBBBBBCACACCC
Case #48: MLAIHGFEDBACJKM
Case #49: ONKHLFAMGIEJCBD
Case #50: OMFEACDBHGJKLIN
Case #51: BAAABABAABAAB
Case #52: CBA
Case #53: CABACBBCBCAABCC
Case #54: CBAAABBABBACCCC
Case #55: BAAA
Case #56: BAB
Case #57: CBAAAAABBBBCCCC
Case #58: CBBBBBAAAACACCC
Case #59: DCBCCBBBCCADC
Case #60: BB
Case #61: MALKFCBMADEGHIJ
Case #62: YSNLGDHLQMHTRHK
Case #63: BAAA
Case #64: CACACAABBBACACB
Case #65: ZABCD
Case #66: CBAACBCBBCCBABC
Case #67: OMBAILHKGDCFENJ
Case #68: CBBACACBABCCBCB
Case #69: ZACBA
Case #70: CBA
Case #71: BA
Case #72: AAA
Case #73: ONBAFKJIHGEDCLM
Case #74: CCCCAABABBAACAB
Case #75: BAB
Case #76: CBBBBBCCCCAAAAA
Case #77: MLAKIHFEBACDGJM
Case #78: RBAACADABRA
Case #79: MLGFBAKJIHEDCMA
Case #80: ZDABC
Case #81: CBBBBBAAAAACCCC
Case #82: ZAYBXCWDUE
Case #83: CBBBACABABBABBC
Case #84: CBAAAABABBBCCCC
Case #85: CBCCCBBCBBAAAAA
Case #86: CBAAAAAAABACC
Case #87: OKNLMGIHJFEDCBA
Case #88: CBAAAAAAAAAAAA
Case #89: ONIECDMGJBHKLAF
Case #90: DCBABABACABBB
Case #91: MBCFHJLAMKIGEDA
Case #92: CBABBCABAAAACBA
Case #93: BAA
Case #94: BBA
Case #95: CBBCABBBABBAAAB
Case #96: BAA
Case #97: ONJABKMIHGFEDLC
Case #98: DCBBBBAAABAAAB
Case #99: CCCCCBBBBBAAAAA
Case #100: YHLDWRTNHRBSDVP
