Case #1: CAB
Case #2: MJA
Case #3: OCDE
Case #4: BBAAA
Case #5: CCCABBBAB
Case #6: CCCBAABAB
Case #7: ZXCASDQWE
Case #8: XSMKNVJNSJLLHSN
Case #9: BAAA
Case #10: CCCCCBBBABABBBA
Case #11: OMLCIEGJAFKDNBH
Case #12: MMHAFEABCDGIJKL
Case #13: CCCCCAABBBABABA
Case #14: CCCCAABBAABBBBB
Case #15: ZABCD
Case #16: BBB
Case #17: OAIMKNJHGFEDCBL
Case #18: CCCBBBBAAABBA
Case #19: CCCCCCBBAAAAAAA
Case #20: CCCCCAAAAABBBBB
Case #21: CBA
Case #22: A
Case #23: CCCCBBBAAABBBAB
Case #24: BBA
Case #25: CCCCCBBBBBAAAAA
Case #26: CCCBBBBAAAAAA
Case #27: BB
Case #28: BAA
Case #29: BAAA
Case #30: ZDCBA
Case #31: BAAA
Case #32: CCCABBAAABBABBB
Case #33: CCCCCBBBBBAAAAA
Case #34: CCCCCCCBABBAABB
Case #35: MMCEGHJLAKIFDBA
Case #36: OJIHGFEDCBAKMNL
Case #37: CCCCCBAABAAABAA
Case #38: CCCCCCCCABABBBA
Case #39: ZEDCBAYXWU
Case #40: CCCCCBABBABBABA
Case #41: CCCCCBBBBBAAAAA
Case #42: CCCCCCBBABBAABA
Case #43: DCCCBAABBAABA
Case #44: CCCABABBBBBBABB
Case #45: BAAA
Case #46: CCCCCAABAABBBBB
Case #47: CBA
Case #48: ZAYBXCWDUE
Case #49: BBBBBAAAAAAAA
Case #50: OMGBIEDAFJKCLNH
Case #51: CBA
Case #52: CCCCCBBBBBAAAAA
Case #53: CCCCCCABBBAAABA
Case #54: CCCCCBABBBBAAAA
Case #55: OMKCBAIGFJELDHN
Case #56: ZACBA
Case #57: CCCCCCCABBBAAAB
Case #58: Z
Case #59: MMBCDEFJLAKIHGA
Case #60: AAA
Case #61: BAA
Case #62: OLFBCEKGHIJAMND
Case #63: BA
Case #64: OEBACKGHNJDFMLI
Case #65: BAA
Case #66: BA
Case #67: DCCBBBAAAAAAAA
Case #68: ZDABC
Case #69: BBA
Case #70: AA
Case #71: DCCCBBBBAAAAA
Case #72: CBBBAAAAAAAAB
Case #73: CCCCBBAABAABABB
Case #74: ONLMDAIJHFGECBK
Case #75: YXVSPKGBBPMDTHF
Case #76: CCCCCBBBBAAABAA
Case #77: CCCCCAAAABAABAA
Case #78: DCCBAAAAAAAAAA
Case #79: XWMVMSVQQNHKRFL
Case #80: CCCCCCCCCBBAABB
Case #81: CBA
Case #82: ZYWWQRVSBBRDPBM
Case #83: ONMLBJCAHGFEKDI
Case #84: MMLKHFDABCEGIJA
Case #85: ZABYCXDWEU
Case #86: ZAAAA
Case #87: OMAHKJILGFEDCBN
Case #88: CBAAAAAAAAAAA
Case #89: CCCCCBBBBBAAAAA
Case #90: CCCCCBBBBBAAAAA
Case #91: ZWPKFGNTQMDKWVN
Case #92: DCBBAAAAAAAAAB
Case #93: RRBAACADABA
Case #94: BBA
Case #95: CCCCCBBBBBAAAAA
Case #96: ZADBC
Case #97: MMLKFCBAJIHGEDA
Case #98: CCCCCBBBBABBBBA
Case #99: MMGAFEDCBAHIJKL
Case #100: CAB
