Case #1: 5
Case #2: 1
Case #3: 1 2
Case #4: 2 8
Case #5: 1235 51235
Case #6: 3924454 993421798 -1322550810 1645941222 1308963302 1961482726 -691467802 1940046310
Case #7: -35
Case #8: 10204 4010204 12010204 24010204 40010204 60010204 84010204 112010204 144010204 180010204 220010204 264010204 312010204 364010204 420010204 480010204 544010204 612010204 684010204 760010204 840010204 924010204 1012010204 1104010204 1200010204
Case #9: 708877176
Case #10: 2 150 446 890 1482 2222 3110 4146 5330 6662 8142 9770 11546 13470 15542 17762 20130 22646 25310 28122 31082 34190 37446 40850 44402 48102 51950 55946 60090 64382 68822 73410 78146 83030 88062 93242 98570
Case #11: 39 3927 11703 23367 38919 58359 81687 108903 140007 174999 213879 256647
Case #12: 6
Case #13: 2 162 482 962 1602 2402 3362 4482 5762 7202 8802 10562 12482 14562 16802 19202 21762 24482 27362 30402 33602 36962 40482 44162 48002 52002 56162 60482 64962 69602 74402 79362 84482 89762 95202 100802 106562 112482 118562 124802
Case #14: 1626011629 229898221 1732638701 1839265773
Case #15: 562
Case #16: 623749 53330501
Case #17: 212523 60799328 181972938 363733353 606080573 909014598 1272535428 1696643063 -2113629793 -1568348548 -962480498 -296025643
Case #18: 87071292
Case #19: 1 2 4 7
Case #20: 2 30 86 170 282 422 590
Case #21: 2
Case #22: -1760379160 387104488 387104488 -1760379160 -1760379160 387104488 387104488 -1760379160 -1760379160 387104488
Case #23: 1442837797 -739260626 -808490176 1235149147 1096690047 -1223867476 -1431556126 473624097
Case #24: -730712772 -730712772
Case #25: 1708972886 214015830 1519069014 1329165142 -355695786 759453526
Case #26: 1 2 4 7 11 16 22 29 37 46 56 67 79 92 106 121 137 154 172 191 211 232 254 277 301 326 352 379 407 436 466 497 529 562 596 631 667 704 742 781 821 862 904 947 991 1036 1082 1129 1177 1226 1276 1327 1379 1432 1486 1541 1597 1654 1712 1771 1831 1892
Case #27: 2812 565244 1690108 3377404 5627132 8439292 11813884 15750908 20250364 25312252 30936572 37123324 43872508
Case #28: 7
Case #29: 2 50 146 290 482 722 1010 1346 1730 2162 2642 3170
Case #30: 44554 3271498 9725386
Case #31: 2 190 566 1130 1882 2822 3950 5266 6770 8462 10342 12410 14666 17110 19742 22562 25570 28766 32150 35722 39482 43430 47566 51890 56402 61102 65990 71066 76330 81782 87422 93250 99266 105470 111862 118442 125210 132166 139310 146642 154162 161870 169766 177850 186122 194582 203230
Case #32: 7 55
Case #33: 1 2 4
Case #34: 1 2 4 7 11 16 22 29 37
Case #35: -1035872294 -788932646 -295053350 445765594 1433524186
Case #36: 1 2 4 7 11 16 22 29 37 46 56 67 79 92 106 121 137 154 172 191 211 232 254 277 301 326 352 379 407 436 466 497 529 562 596 631 667 704 742 781 821 862 904 947 991 1036 1082 1129 1177 1226 1276 1327 1379 1432 1486 1541 1597 1654
Case #37: 1 2 4 7 11 16 22 29 37 46 56 67 79 92 106 121 137 154 172 191 211 232 254 277 301 326 352 379 407 436 466 497 529 562 596 631 667 704 742 781 821 862 904 947 991 1036 1082 1129 1177 1226 1276 1327 1379 1432 1486 1541 1597 1654 1712 1771 1831 1892 1954 2017 2081 2146 2212 2279 2347 2416 2486 2557 2629 2702 2776 2851 2927 3004 3082 3161 3241 3322 3404 3487 3571 3656 3742 3829 3917 4006 4096 4187 4279 4372 4466 4561 4657 4754 4852 4951
Case #38: -1631930875 1198872701 -1729454739 -1826978603 906301109 -2119550195
Case #39: 1373445917 -1276393947 2013860917 -1640691379 644851053
Case #40: -566108190
Case #41: 2 78 230 458 762 1142 1598 2130 2738 3422 4182 5018 5930 6918 7982 9122 10338 11630 12998
Case #42: 4951
Case #43: 194872 12595799
Case #44: 338243 113673848 340345058 680351873 1133694293 1700372318 -1914581348 -1121232113 -214547273 805473172 1938829222 -1109446419 250580841 1723943706
Case #45: 1639005859 -2021375985 -752205081
Case #46: 2
Case #47: -2134488410 499741076 1473232752 785986618 -1561997326
Case #48: 12
Case #49: 2097131
Case #50: 193011082 -1810171687 -1521569929 1058816356 1636019872 210040619 1075845893
Case #51: 2919 598427 1789443 3575967 5957999 8935539 12508587 16677143 21441207 26800779 32755859 39306447 46452543 54194147
Case #52: -1803369850 1031785516 -1887838344 -1972306838 778380034 2069254976
Case #53: -805101027 -2076345531 -323867243 157366541 -632644179 1601067893 -1731431835 -2040208771 674737085 2118438437
Case #54: 511713754 569909722
Case #55: 74 15197 45443 90812 151304 226919 317657 423518 544502 680609 831839 998192 1179668 1376267 1587989 1814834 2056802 2313893 2586107 2873444 3175904 3493487 3826193 4174022
Case #56: 4657
Case #57: -1399995278 373355621 -374909877
Case #58: 1 2 4 7 11 16 22 29 37 46 56 67 79 92 106 121 137 154 172 191 211 232 254 277 301 326 352 379 407
Case #59: 38219 5967824 17827034 35615849 59334269 88982294 124559924
Case #60: 17716 984022
Case #61: 2927
Case #62: 19
Case #63: 79762954 1164331338 -961499190 -2002761334 -1959455094 -831580470 1380862538 382906634 469519114 1640699978 -398518070 -1353167734 -1223249014 -8761910 -2004673718 1378950154
Case #64: 780142688 -353516448 1674132576 -1726844832
Case #65: 119304643
Case #66: 2 170 506 1010 1682 2522 3530 4706 6050 7562 9242 11090 13106 15290 17642 20162 22850 25706 28730 31922 35282 38810 42506 46370 50402 54602 58970 63506 68210 73082 78122 83330 88706 94250 99962 105842 111890 118106 124490 131042 137762 144650
Case #67: 1144132808 1144132808 1144132808 1144132808
Case #68: 1908874345
Case #69: 1678423886
Case #70: 28
Case #71: 383837 134753117 403491677 806599517 1344076637 2015923037 -1472828579 -532243619 542710621 1752034141 -1199240355 278821725 1891253085 -656913571 1224256349
Case #72: 2 10
Case #73: 1195736
Case #74: 24413
Case #75: 5547 423152 1258362 2511177
Case #76: 4
Case #77: -391293685
Case #78: 2 22 62 122 202
Case #79: 106486792
Case #80: 1 2 4 7 11 16 22 29 37 46 56 67 79 92 106 121 137 154 172 191 211 232 254 277 301 326 352 379 407 436 466 497 529 562 596 631 667 704 742 781 821 862 904 947 991 1036 1082 1129 1177 1226 1276 1327 1379
Case #81: 29
Case #82: 486959 185562239 555712799 1110938639 1851239759 -1518351137 -407899457 887627503 -1926737553 -261060033 1589692767 -669446449 1551456911 -337531745 -2041445121 734684079
Case #83: 1432
Case #84: 103 30103 90103 180103 300103 450103 630103 840103 1080103 1350103 1650103 1980103 2340103 2730103 3150103 3600103 4080103 4590103 5130103 5700103 6300103 6930103 7590103 8280103 9000103 9750103 10530103 11340103 12180103 13050103 13950103 14880103 15840103 16830103
Case #85: -30408496 -277164848 -770677552 -1510946608 1796995280 563213520 -917324592
Case #86: 677706307 -1470398721 -1471641481
Case #87: -838023067 -1143617435 -1754806171 1623378021 401000549 -1126971291 1334429797 -804730779 1045481573 -1704867739 -465844123 467585125
Case #88: 265762039 -19450633 -589875977 -1445513993 1708602615 282539255 -1428736777
Case #89: 1 2 4 7 11 16 22 29 37 46 56 67 79 92 106 121 137 154 172 191 211 232 254
Case #90: 122069
Case #91: 34257766 -1932459162 -1570925722 1118858086 1841924966 598274918 1682875238 800758630 -2048074906 1726309222 -760990874 -920040602 1249160038
Case #92: -1716314662 2093686234 1123753434
Case #93: 1 2 4 7 11 16 22 29 37 46 56 67 79 92 106 121 137 154 172 191 211 232 254 277 301 326 352 379 407 436 466 497 529 562 596 631 667 704 742 781 821 862 904 947 991 1036 1082 1129 1177 1226 1276 1327 1379 1432 1486 1541 1597 1654 1712 1771 1831 1892 1954 2017 2081 2146 2212 2279 2347 2416 2486 2557 2629 2702 2776 2851 2927 3004 3082 3161 3241 3322 3404 3487 3571 3656 3742 3829 3917 4006
Case #94: 2 202 602 1202 2002 3002 4202 5602 7202 9002 11002 13202 15602 18202 21002 24002 27202 30602 34202 38002 42002 46202 50602 55202 60002 65002 70202 75602 81202 87002 93002 99202 105602 112202 119002 126002 133202 140602 148202 156002 164002 172202 180602 189202 198002 207002 216202 225602 235202 245002
Case #95: -59
Case #96: 259374246 -1930952620
Case #97: 878082203 878082203
Case #98: 6727 2132491 6384019 12761311 21264367 31893187 44647771 59528119 76534231 95666107 116923747 140307151 165816319 193451251 223211947 255098407 289110631 325248619 363512371 403901887 446417167
Case #99: -1898165840 313412016 441600432 -1513600592 -1257223760 1210730928 1595296176 -103528016 409225648 -1161410128 -520468048 -1962915408 -1193784912
Case #100: 123457 7123457
