Case #1: 5
Case #2: 1
Case #3: 1 2
Case #4: 2 8
Case #5: 1
Case #6: 58116 4614366 11390625
Case #7: 12345679012345678
Case #8: 10936368 3621088710 10841393394 21671850420 34296447249 34296447249 34296447249 34296447249 34296447249 34296447249
Case #9: 77794143773 39295617268773 117731263518773 235384732893773 318644812890625 318644812890625 318644812890625 318644812890625 318644812890625
Case #10: 1 2 4 7 11 16 22 29 37 46 56 67 79 81 81 81 81 81 81 81 81 81 81 81 81 81 81 81 81 81 81 81 81 81 81 81 81 81 81 81 81 81 81 81 81 81 81 81 81 81 81 81 81 81 81 81 81 81 81 81 81 81 81 81 81 81 81 81 81 81 81 81 81 81 81 81 81 81 81 81 81
Case #11: 53450896 26675769646 79920407146 159787363396 266276638396 377149515625 377149515625 377149515625 377149515625 377149515625 377149515625 377149515625 377149515625 377149515625 377149515625
Case #12: 1 2 4 7 11 16 22 29 37 46 56 67 67 67 67 67 67 67 67 67 67 67 67 67 67 67 67 67 67 67 67 67 67 67 67 67 67 67 67 67 67 67 67 67 67 67 67 67 67 67 67 67 67 67 67 67 67 67 67 67 67 67 67 67 67 67 67
Case #13: 1 2 4 7 11 16 22 29 37 46 56 67 78 78 78 78 78 78 78 78 78 78 78 78 78 78 78 78 78 78 78 78 78 78 78 78 78 78 78 78 78 78 78 78 78 78 78 78 78 78 78 78 78 78 78 78 78 78 78 78 78 78 78 78 78 78 78 78 78 78 78 78 78 78 78 78 78 78
Case #14: 1979728 418043470 1250170954 2498362180 2565726409 2565726409 2565726409
Case #15: 1
Case #16: 32025597350190185
Case #17: 2
Case #18: 2 176 524 1046 1742 2612 3656 4874 6266 7569 7569 7569 7569 7569 7569 7569 7569 7569 7569 7569 7569 7569 7569 7569 7569 7569 7569 7569 7569 7569 7569 7569 7569 7569 7569 7569 7569 7569 7569 7569 7569 7569 7569 7569
Case #19: 3545707 451545707 1280000000
Case #20: 661030 103923238 310447654 481890304 481890304
Case #21: 1 2 3
Case #22: 3603 825119 2468151 4932699 8218763 12117361 12117361 12117361 12117361 12117361 12117361 12117361 12117361 12117361 12117361
Case #23: 526810509904322 238253115956031061 713705726848284539 929293739471222707
Case #24: 28
Case #25: 2615088291
Case #26: 1 2 4 4
Case #27: 1
Case #28: 53 7553 22553 45053 75053 112553 125000 125000 125000 125000 125000 125000 125000 125000 125000 125000 125000
Case #29: 19
Case #30: 28715342213 12208197217213 36567160967213 73105606592213 83733937890625 83733937890625 83733937890625
Case #31: 48230809 10861861721 32489123545 52523350144 52523350144
Case #32: 72051781542115 15110859740082403
Case #33: 57 8805 26301 52545 87537 131277 157464 157464 157464 157464 157464 157464 157464 157464 157464 157464 157464 157464
Case #34: 1
Case #35: 1193047 118633559 268435456
Case #36: 1 2 4 7 11 16 22 29 37 46 56 59 59 59 59 59 59 59 59 59 59 59 59 59 59 59 59 59 59 59 59 59 59 59 59 59 59 59 59 59 59 59 59 59 59 59 59 59 59 59 59 59 59 59 59 59 59 59 59
Case #37: 679588849 267160436657 800122132273 1599564675697 2207984167552 2207984167552 2207984167552 2207984167552 2207984167552
Case #38: 2575206842645 1324049145281534 3966997022159312 7931418837475979 8662995818654939 8662995818654939 8662995818654939
Case #39: 2 140 416 830 1382 2072 2900 3866 4761 4761 4761 4761 4761 4761 4761 4761 4761 4761 4761 4761 4761 4761 4761 4761 4761 4761 4761 4761 4761 4761 4761 4761 4761 4761 4761
Case #40: 335466937132 48930248973100
Case #41: 76440240 41817742398 125300346714 250524253188 417489461820 626195972610 646990183449 646990183449 646990183449 646990183449 646990183449 646990183449 646990183449 646990183449 646990183449 646990183449
Case #42: 16955 1970080 5876330 9765625 9765625
Case #43: 155567147357 88534755300133 265293131605685 530430696064013 806460091894081 806460091894081 806460091894081 806460091894081 806460091894081 806460091894081
Case #44: 1 2 4 7 11 16 22 29 37 46 56 67 79 82 82 82 82 82 82 82 82 82 82 82 82 82 82 82 82 82 82 82 82 82 82 82 82 82 82 82 82 82 82 82 82 82 82 82 82 82 82 82 82 82 82 82 82 82 82 82 82 82 82 82 82 82 82 82 82 82 82 82 82 82 82 82 82 82 82 82 82 82
Case #45: 325385257 109700385257 328450385257 656575385257 781250000000 781250000000 781250000000 781250000000
Case #46: 165568457710 38312541113960 95367431640625
Case #47: 1
Case #48: 2345228676515610
Case #49: 6
Case #50: 8732480 852040512
Case #51: 26 1613 4787 9548 12167 12167 12167 12167
Case #52: 9900055424 3496441313152 10469523828608 20047612231936 20047612231936 20047612231936
Case #53: 112570976472749323
Case #54: 6727 2132491 6384019 12761311 21264367 31893187 43046721 43046721 43046721 43046721 43046721 43046721 43046721 43046721 43046721 43046721 43046721 43046721 43046721 43046721 43046721
Case #55: 7 55
Case #56: 576460752303423429
Case #57: 2 10
Case #58: 148943500129544 27395674457160794
Case #59: 23579477 1952809406
Case #60: 23452286765157 16700633986431726 50054997385764864 100086542484764571 150094635296999121 150094635296999121 150094635296999121 150094635296999121 150094635296999121
Case #61: 44129616 20964836022 62806248834 125568368052 209251193676 282429536481 282429536481 282429536481 282429536481 282429536481 282429536481 282429536481 282429536481 282429536481
Case #62: 103 30103 90103 180103 300103 450103 630103 840103 1000000 1000000 1000000 1000000 1000000 1000000 1000000 1000000 1000000 1000000 1000000 1000000 1000000 1000000 1000000 1000000 1000000 1000000 1000000 1000000 1000000 1000000 1000000 1000000 1000000 1000000
Case #63: 2579 145384 371293
Case #64: 623749 53330501
Case #65: 65751519677858
Case #66: 29802322387691
Case #67: 10204 4010204 12010204 24010204 40010204 60010204 84010204 100000000 100000000 100000000 100000000 100000000 100000000 100000000 100000000 100000000 100000000 100000000 100000000 100000000 100000000 100000000 100000000 100000000 100000000
Case #68: 102030405060709 90102030405060709 270102030405060709 540102030405060709 900102030405060709 1000000000000000000 1000000000000000000 1000000000000000000 1000000000000000000 1000000000000000000 1000000000000000000 1000000000000000000
Case #69: 1099511627736
Case #70: 1895663686006 609065591350646 1823405446679926 2064377754059776
Case #71: 121721422 33372451109 99873910483 194754273881 194754273881 194754273881
Case #72: 196139589 23262155214
Case #73: 1
Case #74: 173703464521690 100950663464521690 302504583464521690 604661760000000000 604661760000000000 604661760000000000
Case #75: 2 188 560 1118 1862 2792 3908 5210 6698 8372 8649 8649 8649 8649 8649 8649 8649 8649 8649 8649 8649 8649 8649 8649 8649 8649 8649 8649 8649 8649 8649 8649 8649 8649 8649 8649 8649 8649 8649 8649 8649 8649 8649 8649 8649 8649 8649
Case #76: 1 2 4 7 11 16 22 29 37 46 56 67 79 92 100 100 100 100 100 100 100 100 100 100 100 100 100 100 100 100 100 100 100 100 100 100 100 100 100 100 100 100 100 100 100 100 100 100 100 100 100 100 100 100 100 100 100 100 100 100 100 100 100 100 100 100 100 100 100 100 100 100 100 100 100 100 100 100 100 100 100 100 100 100 100 100 100 100 100 100 100 100 100 100 100 100 100 100 100 100
Case #77: 4412961507
Case #78: 12
Case #79: 1235 51235
Case #80: 12756577832 4709303316008 14102396792360 28179280429056 28179280429056 28179280429056
Case #81: 1 2 4 7 9 9 9 9 9
Case #82: 44 5087 15173 30302 50474 68921 68921 68921 68921 68921 68921 68921 68921 68921
Case #83: 172349769889 59154749769889 177119549769889 262144000000000 262144000000000
Case #84: 268822560488 168040982560488 503585302560488 1006901782560488 1677721600000000 1677721600000000 1677721600000000 1677721600000000 1677721600000000 1677721600000000
Case #85: 75056076634006 39118115199767446 117204233446034326 210832519264920576 210832519264920576 210832519264920576
Case #86: 39716653567
Case #87: 10160736538774 4076874575033494 12210302252022934 17080198121677824 17080198121677824
Case #88: 3587220
Case #89: 721083 314432288 941854698 1882988313 3137833133 4706389158 5584059449 5584059449 5584059449 5584059449 5584059449 5584059449 5584059449 5584059449 5584059449 5584059449 5584059449 5584059449
Case #90: 2025338633733 1004887752641742 3010612580657760 6019199822681787 6351461955384057 6351461955384057 6351461955384057
Case #91: 1 2 4 7 11 16 22 29 37 46 56 67 79 90 90 90 90 90 90 90 90 90 90 90 90 90 90 90 90 90 90 90 90 90 90 90 90 90 90 90 90 90 90 90 90 90 90 90 90 90 90 90 90 90 90 90 90 90 90 90 90 90 90 90 90 90 90 90 90 90 90 90 90 90 90 90 90 90 90 90 90 90 90 90 90 90 90 90 90 90
Case #92: 222382041797 39497521534661
Case #93: 2 134 398 794 1322 1982 2774 3698 4356 4356 4356 4356 4356 4356 4356 4356 4356 4356 4356 4356 4356 4356 4356 4356 4356 4356 4356 4356 4356 4356 4356 4356 4356
Case #94: 1
Case #95: 5479 1561547 4673683 9341887 15566159 23346499 28398241 28398241 28398241 28398241 28398241 28398241 28398241 28398241 28398241 28398241 28398241 28398241 28398241
Case #96: 1
Case #97: 94557149 14503265477 37822859361
Case #98: 2 160 476 950 1582 2372 3320 4426 5690 6241 6241 6241 6241 6241 6241 6241 6241 6241 6241 6241 6241 6241 6241 6241 6241 6241 6241 6241 6241 6241 6241 6241 6241 6241 6241 6241 6241 6241 6241 6241
Case #99: 2 202 602 1202 2002 3002 4202 5602 7202 9002 10000 10000 10000 10000 10000 10000 10000 10000 10000 10000 10000 10000 10000 10000 10000 10000 10000 10000 10000 10000 10000 10000 10000 10000 10000 10000 10000 10000 10000 10000 10000 10000 10000 10000 10000 10000 10000 10000 10000 10000
Case #100: 35754151 7551946919 22584332455 34359738368 34359738368
