Case #1: 5
Case #2: 1
Case #3: 1 2
Case #4: 2 8
Case #5: 268822560488 168040982560488 503585302560488 1006901782560488 1677990422560488 2516851222560488 3523484182560488 4697889302560488 6040066582560488 7550016022560488
Case #6: 12251407207078 5038177526575508 15090029765312368 30167808123417658 50271512600891378
Case #7: 102030405060709 90102030405060709 270102030405060709 540102030405060709 900102030405060709 1350102030405060709 1890102030405060709 2520102030405060709 3240102030405060709 4050102030405060709 4950102030405060709 5940102030405060709
Case #8: 2302946864 629216259632 1883042885168 3763782823472 6271436074544
Case #9: 112570976472749323
Case #10: 1 2 4 7 11 16 22 29 37
Case #11: 2
Case #12: 2 56 164 326 542 812 1136 1514 1946 2432 2972 3566 4214 4916
Case #13: 576460752303423429
Case #14: 390847439349 151726975954974 454399232986224 908407618533099 1513752132595599
Case #15: 102030406 60102030406 180102030406 360102030406 600102030406 900102030406 1260102030406 1680102030406 2160102030406 2700102030406 3300102030406 3960102030406 4680102030406 5460102030406 6300102030406 7200102030406 8160102030406
Case #16: 1228 158444 472876 944524 1573388 2359468 3302764 4403276 5661004
Case #17: 35184372088787
Case #18: 871732 80606107 240074857
Case #19: 48250962368 22443130962368 67232890962368 134417530962368 223997050962368 335971450962368 470340730962368 627104890962368
Case #20: 399899 142391104 426373514 852347129 1420311949 2130267974 2982215204 3976153639 5112083279 6390004124 7809916174 9371819429 11075713889 12921599554 14909476424
Case #21: 1656877766475157 476421394435210645
Case #22: 1 2 4 7 11 16 22 29 37 46 56 67 79 92 106 121 137 154 172 191 211 232 254 277 301 326 352 379 407 436 466 497 529 562 596 631 667 704 742 781 821 862 904 947 991 1036 1082 1129 1177 1226 1276 1327 1379 1432 1486 1541 1597 1654 1712 1771 1831 1892 1954 2017 2081 2146 2212 2279 2347 2416 2486 2557 2629 2702 2776 2851 2927 3004 3082 3161 3241 3322 3404 3487
Case #23: 14311216 5081889022 15217044634 30419778052 50690089276 76027978306 106433445142 141906489784 182447112232 228055312486 278731090546
Case #24: 4764 1262492 3777948 7551132 12582044 18870684 26417052 35221148 45282972 56602524 69179804 83014812 98107548 114458012 132066204 150932124 171055772
Case #25: 2 202 602 1202 2002 3002 4202 5602 7202 9002 11002 13202 15602 18202 21002 24002 27202 30602 34202 38002 42002 46202 50602 55202 60002 65002 70202 75602 81202 87002 93002 99202 105602 112202 119002 126002 133202 140602 148202 156002 164002 172202 180602 189202 198002 207002 216202 225602 235202 245002
Case #26: 623749 53330501
Case #27: 16
Case #28: 1597
Case #29: 127330756814763
Case #30: 2 184 548 1094 1822 2732 3824 5098 6554 8192 10012 12014 14198 16564 19112 21842 24754 27848 31124 34582 38222 42044 46048 50234 54602 59152 63884 68798 73894 79172 84632 90274 96098 102104 108292 114662 121214 127948 134864 141962 149242 156704 164348 172174 180182 188372
Case #31: 73686780564
Case #32: 32025597350190185
Case #33: 48230809 10861861721 32489123545 64930016281 108184539929
Case #34: 11376556196807 3269540989846471 9785869857145799
Case #35: 3583540 885634198 2649735514 5295887488 8824090120 13234343410 18526647358 24701001964
Case #36: 4412961507
Case #37: 320255973501902 63370650756688846
Case #38: 3241
Case #39: 2345228676515610
Case #40: 58 9133 27283 54508 90808 136183 190633 254158 326758 408433 499183 599008 707908 825883 952933 1089058 1234258 1388533 1551883
Case #41: 103 30103 90103 180103 300103 450103 630103 840103 1080103 1350103 1650103 1980103 2340103 2730103 3150103 3600103 4080103 4590103 5130103 5700103 6300103 6930103 7590103 8280103 9000103 9750103 10530103 11340103 12180103 13050103 13950103 14880103 15840103 16830103
Case #42: 7601158 2288825350 6851273734 13694946310 22819843078 34225964038 47913309190 63881878534 82131672070
Case #43: 1 2 4 7 11 16 22 29 37 46 56 67 79 92 106 121 137 154 172 191 211 232 254 277 301 326 352 379 407 436 466 497 529 562 596 631 667 704 742 781 821 862 904 947 991
Case #44: 121
Case #45: 283275 89536400 268042650 535802025 892814525 1339080150 1874598900 2499370775 3213395775 4016673900 4909205150 5890989525 6962027025
Case #46: 45233711053066
Case #47: 12
Case #48: 7 55
Case #49: 2 34 98 194 322 482 674 898
Case #50: 406305578458 106190865112538 317759984180698
Case #51: 1234567901
Case #52: 1235 51235
Case #53: 28
Case #54: 871696091
Case #55: 9412 3548356 10626244 21243076 35398852 53093572 74327236 99099844 127411396 159261892 194651332 233579716 276047044 322053316 371598532 424682692 481305796 541467844 605168836 672408772 743187652 817505476 895362244 976757956
Case #56: 407
Case #57: 4289136 1111457886 3325795386 6647301636 11075976636 16611820386 23254832886 31005014136
Case #58: 101840775152 53885751322608 161453572417520 322805304059888 537940946249712 806860498986992 1129563962271728 1506051336103920 1936322620483568
Case #59: 4
Case #60: 19
Case #61: 6
Case #62: 2 10
Case #63: 487 37531 111619 222751 370927 556147
Case #64: 679 63179 188179 375679 625679 938179 1313179
Case #65: 1 2 4 7
Case #66: 4951
Case #67: 18307177829 7197592600637 21556163446253 43094019714677 71811161405909 107707588519949 150783301056797
Case #68: 64677318922158 33062313236943488 99057585072986148 198050492827050138 330041036499135458 495029216089242108
Case #69: 275759631821171 115619119631821171 346305839631821171 692335919631821171
Case #70: 1 2 4 7 11 16 22 29 37 46 56 67 79 92 106 121 137 154 172 191 211 232 254 277 301 326 352 379 407 436 466 497 529 562 596 631 667 704 742 781 821 862 904 947 991 1036 1082 1129 1177 1226 1276 1327 1379
Case #71: 1 2 4 7 11 16 22 29 37 46 56 67 79 92 106 121 137 154 172 191 211 232 254 277 301 326 352 379 407 436 466 497 529 562 596 631 667 704 742 781 821 862 904 947 991 1036 1082 1129 1177 1226 1276 1327 1379 1432 1486 1541 1597 1654 1712 1771 1831 1892 1954 2017 2081 2146 2212 2279 2347 2416 2486 2557 2629 2702 2776 2851 2927 3004 3082 3161 3241 3322 3404 3487 3571 3656 3742 3829 3917 4006 4096 4187 4279 4372 4466 4561 4657 4754 4852 4951
Case #72: 213943263773 128602129398597 385378501668245 770543060072717 1284095804612013 1926036735286133 2696365852095077 3595083155038845 4622188644117437 5777682319330853
Case #73: 1073741794
Case #74: 1 2 4 7 11 16 22 29 37 46 56 67 79 92 106 121 137 154 172 191 211 232 254 277 301 326 352 379 407 436 466 497 529
Case #75: 10204 4010204 12010204 24010204 40010204 60010204 84010204 112010204 144010204 180010204 220010204 264010204 312010204 364010204 420010204 480010204 544010204 612010204 684010204 760010204 840010204 924010204 1012010204 1104010204 1200010204
Case #76: 9219 3438719 10297719 20586219 34304219 51451719 72028719 96035219 123471219 154336719 188631719 226356219 267510219 312093719 360106719 411549219 466421219 524722719 586453719 651614219 720204219 792223719 867672719 946551219
Case #77: 2 156 464 926 1542 2312 3236 4314 5546 6932 8472 10166 12014 14016 16172 18482 20946 23564 26336 29262 32342 35576 38964 42506 46202 50052 54056 58214 62526 66992 71612 76386 81314 86396 91632 97022 102566 108264 114116
Case #78: 12345679012345678
Case #79: 7108942234 4536040226377 13593902794663 27180696647092 45296421783664 67941078204379 95114665909237 126817184898238 163048635171382 203809016728669 249098329570099 298916573695672 353263749105388 412139855799247
Case #80: 21 993 2937 5853 9741 14601
Case #81: 1 2 4 7 11 16 22 29 37 46 56 67 79 92 106 121 137 154 172 191 211 232 254 277 301 326 352 379 407 436 466 497 529 562 596 631 667 704 742 781 821 862 904 947 991 1036 1082 1129 1177 1226 1276 1327 1379 1432 1486 1541 1597 1654 1712 1771 1831 1892 1954 2017 2081 2146 2212 2279 2347 2416 2486 2557 2629 2702 2776 2851 2927 3004 3082 3161 3241 3322 3404 3487 3571 3656
Case #82: 2
Case #83: 4187
Case #84: 73222438 39618113830 118707896614 237342570790 395522136358 593246593318 830515941670 1107330181414 1423689312550 1779593335078 2175042248998 2610036054310 3084574751014 3598658339110 4152286818598 4745460189478
Case #85: 83576029 21160130717 63313240093 126542904157 210849122909 316231896349
Case #86: 79
Case #87: 85591965318 18097118579948 54120171809208
Case #88: 131876708608
Case #89: 55576742002714 27854635578359834 83452753251074074 166849929760145434 278046165105573914 417041459287359514
Case #90: 119855162506 26537930564746 79374081369226
Case #91: 5264868153690682
Case #92: 7
Case #93: 2 76 224 446 742 1112 1556 2074 2666 3332 4072 4886 5774 6736 7772 8882 10066 11324 12656
Case #94: 2 68 200 398 662 992 1388 1850 2378 2972 3632 4358 5150 6008 6932 7922 8978
Case #95: 732 71036 211644 422556 703772 1055292 1477116
Case #96: 1234567901234567
Case #97: 77747 15636227 46753187 93428627 155662547 233454947 326805827 435715187 560183027
Case #98: 1 2 4
Case #99: 49357525892312 16896726363801251 50591464039619129
Case #100: 37523658824249763
