Case #1: 5
Case #2: 1
Case #3: 1 2
Case #4: 2 8
Case #5: 14758
Case #6: 223385 65023385 194623385 389023385 648223385 777600000
Case #7: 112570976472749323
Case #8: 2 110 326 650 1082 1622 2270 2916
Case #9: 32285033
Case #10: 32025597350190185
Case #11: 14311216 5081889022 15217044634 30419778052 50690089276 51520374361
Case #12: 451294366333507 146857411554803455 353814783205469041
Case #13: 2 202 602 1202 2002 3002 4202 5602 7202 9002 10000
Case #14: 21 993 2937 5832
Case #15: 2 180 536 1070 1782 2672 3740 4986 6410 7921
Case #16: 1495682602798 465610526622328 1393840214661388 1531578985264449
Case #17: 7 55
Case #18: 102030405060709 90102030405060709 270102030405060709 540102030405060709 900102030405060709 1000000000000000000
Case #19: 248
Case #20: 2758864 332080031 893871739
Case #21: 99 27747 83043 165987 276579 414819 580707 774243 884736
Case #22: 38689757941039 7612778841927932
Case #23: 1 2 4 7 11 16 22 29 34
Case #24: 960699 462144779 1384512939 2768065179 4612801499 6918721899 9039207968
Case #25: 884241366769
Case #26: 8865 808865 2408865 3200000
Case #27: 67 1439
Case #28: 623749 53330501
Case #29: 487 37531 111619 194481
Case #30: 1
Case #31: 1
Case #32: 19
Case #33: 115444302122734 63630063855963304 190659302963644444 362033331456891249
Case #34: 2876523900131 700313714519267 1521681143169024
Case #35: 327 19979 59283 83521
Case #36: 1
Case #37: 58
Case #38: 5399334079 3256227941567 9757885156543 19510370979007 32513685408959 40867559636992
Case #39: 2 26 74 144
Case #40: 5628 1626524 4868316 9731004 16214588 24319068 29986576
Case #41: 1 2 4 7 11 16 22 29 37 46 56 67 79 92 100
Case #42: 12251407207078 5038177526575508 15090029765312368 21611482313284249
Case #43: 1
Case #44: 1 2 4 7 11 16 22 29 37 46 56 67 79 89
Case #45: 1 2 4 7 11 16 22 25
Case #46: 1 2 4 7 11 16 22 29 37 46 56 67 79 86
Case #47: 2
Case #48: 758704 123825598 369959386 594823321
Case #49: 2418646
Case #50: 1235 51235
Case #51: 2 132 392 782 1302 1952 2732 3642 4225
Case #52: 338243 113673848 340345058 680351873 1133694293 1564031349
Case #53: 7399 2463899 7376899 14746399 24572399 36854899 51593899 52200625
Case #54: 1
Case #55: 383837 134753117 403491677 806599517 1344076637 1934917632
Case #56: 28
Case #57: 175304787
Case #58: 95035324 24726241651 73988654305 137231006679
Case #59: 61 10153 30337 60613 100981 151441 195112
Case #60: 12345679012345678
Case #61: 13403046 4679003046 14010203046 28007003046 46656000000
Case #62: 2 10
Case #63: 543450587048 383180970587048 1148456010587048 2296368570587048 3826918650587048 4304672100000000
Case #64: 12
Case #65: 1 2 3
Case #66: 2 200 596 1190 1982 2972 4160 5546 7130 8912 9801
Case #67: 1108099399 482144436551 1444217110855 2887326122311 4398046511104
Case #68: 103 30103 90103 180103 300103 450103 630103 840103 1000000
Case #69: 103480286068387 28713709778255887 59604644775390625
Case #70: 1
Case #71: 320255973501902 63370650756688846
Case #72: 76440240 41817742398 125300346714 250524253188 417489461820 626195972610 646990183449
Case #73: 56 8483 25337 50618 84326 126461 148877
Case #74: 1447 204059 609283 1217119 1874161
Case #75: 15264778 5512061770 16505655754 32996046730 54983234698 56800235584
Case #76: 9219 3438719 10297719 20586219 34304219 51451719 72028719 81450625
Case #77: 1 2 4 4
Case #78: 47616969531046 23389268700435556 70072572162244576 119042423827613001
Case #79: 6
Case #80: 64452565324181 22772607859981717 68188918449296789 70188843638032384
Case #81: 2 146 434 866 1442 2162 3026 4034 5184
Case #82: 10204 4010204 12010204 24010204 40010204 60010204 84010204 100000000
Case #83: 1
Case #84: 51472783023648
Case #85: 1 2 4 7 11 16 22 27
Case #86: 1299 172799 515799 1030299 1500625
Case #87: 15038336683837 10032351423778621 30066977597968189 60118916859252541 84590643846578176
Case #88: 2 162 482 962 1602 2402 3362 4482 5762 6400
Case #89: 2119 366619 1095619 2189119 3647119 4100625
Case #90: 576460752303423429
Case #91: 17716 984022
Case #92: 7456537
Case #93: 2 154 458 914 1522 2282 3194 4258 5474 5776
Case #94: 522427759
Case #95: 1
Case #96: 268822560488 168040982560488 503585302560488 1006901782560488 1677721600000000
Case #97: 62483 11629688 34764098 69465713 90224199
Case #98: 34359738333
Case #99: 1 2 4 7 11 16 22 29 37 45
Case #100: 1159 144907 432403 863647 1185921
