Case #1: 1
Case #2: 1
Case #3: 1 2
Case #4: 1 9
Case #5: 1 14465 28929 43393
Case #6: 1 13246325828 26492651655 39738977482 52985303309
Case #7: 1 9051589 18103177
Case #8: 1 203 405 607 809 1011 1213 1415 1617 1819 2021 2223 2425 2627 2829 3031 3233 3435 3637 3839 4041 4243 4445 4647 4849 5051 5253 5455 5657 5859 6061 6263 6465 6667 6869 7071 7273 7475 7677 7879 8081 8283 8485 8687 8889 9091 9293 9495 9697 9899
Case #9: 1
Case #10: 1 27106806 54213611 81320416 108427221 135534026 162640831 189747636 216854441 243961246
Case #11: 1 10150877261589382 20301754523178763 30452631784768144 40603509046357525 50754386307946906 60905263569536287 71056140831125668 81207018092715049
Case #12: 1 1514021 3028041 4542061 6056081 7570101 9084121 10598141 12112161 13626181 15140201 16654221 18168241 19682261 21196281 22710301 24224321 25738341
Case #13: 1 2 3 4 5 6 7 8 9 10 11 12 13 14 15 16 17 18 19 20 21 22 23 24 25 26 27 28 29 30 31 32 33 34 35 36 37 38 39 40 41 42 43 44 45 46 47 48 49 50 51 52 53 54 55 56 57 58 59 60 61 62 63 64 65 66 67 68 69 70 71 72 73 74 75 76
Case #14: 1
Case #15: 1
Case #16: 1 208241 416481 624721 832961 1041201 1249441 1457681 1665921 1874161
Case #17: 1
Case #18: 1 2 3
Case #19: 1
Case #20: 1 201890455175801 403780910351601 605671365527401 807561820703201 1009452275879001 1211342731054801 1413233186230601 1615123641406401 1817014096582201 2018904551758001
Case #21: 1
Case #22: 1 183 365 547 729 911 1093 1275 1457 1639 1821 2003 2185 2367 2549 2731 2913 3095 3277 3459 3641 3823 4005 4187 4369 4551 4733 4915 5097 5279 5461 5643 5825 6007 6189 6371 6553 6735 6917 7099 7281 7463 7645 7827 8009
Case #23: 1
Case #24: 1
Case #25: 1 524360377239641 1048720754479281 1573081131718921 2097441508958561 2621801886198201 3146162263437841 3670522640677481 4194883017917121 4719243395156761 5243603772396401 5767964149636041
Case #26: 1
Case #27: 1 9922 19843 29764 39685 49606 59527 69448 79369 89290 99211 109132 119053 128974 138895 148816 158737 168658 178579
Case #28: 1 52332842192581
Case #29: 1
Case #30: 1 20252474152321 40504948304641 60757422456961 81009896609281 101262370761601 121514844913921 141767319066241
Case #31: 1 25937424601
Case #32: 1 100407045530427650
Case #33: 1
Case #34: 1 2671475735678 5342951471355 8014427207032 10685902942709 13357378678386 16028854414063 18700330149740 21371805885417 24043281621094 26714757356771 29386233092448 32057708828125
Case #35: 1
Case #36: 1 56288512931
Case #37: 1 2 3 4 5 6 7 8 9 10 11 12 13 14 15 16 17 18 19 20 21 22 23 24 25 26 27 28 29 30 31 32 33 34 35 36 37 38 39 40 41 42 43 44 45 46
Case #38: 1 18458976110 36917952219 55376928328 73835904437 92294880546
Case #39: 1
Case #40: 1 30252990769 60505981537 90758972305 121011963073 151264953841 181517944609 211770935377 242023926145 272276916913 302529907681 332782898449 363035889217 393288879985 423541870753
Case #41: 1 37274906 74549811 111824716 149099621 186374526 223649431 260924336 298199241 335474146 372749051
Case #42: 1 29704 59407 89110 118813 148516 178219 207922 237625 267328 297031 326734 356437 386140 415843 445546 475249 504952 534655 564358 594061 623764 653467 683170 712873 742576 772279 801982 831685 861388 891091 920794 950497
Case #43: 1
Case #44: 1 56761118
Case #45: 1 70383026 140766051 211149076 281532101 351915126 422298151 492681176 563064201 633447226 703830251 774213276 844596301
Case #46: 1 18022 36043 54064 72085 90106 108127 126148 144169 162190 180211 198232 216253 234274 252295 270316 288337 306358 324379 342400 360421 378442 396463 414484 432505 450526
Case #47: 1 2 3 4 5 6 7 8 9 10 11 12 13 14 15 16 17 18 19 20 21 22 23 24 25 26 27 28 29 30 31 32 33 34 35 36 37 38 39 40 41 42 43 44 45 46 47 48 49 50 51 52 53 54 55 56 57 58 59
Case #48: 1 306071491215458
Case #49: 1
Case #50: 1 2 3 4 5 6 7 8 9 10 11 12 13 14 15 16 17 18 19 20 21 22 23 24 25 26 27 28 29 30 31 32 33 34 35 36 37 38 39 40 41 42 43 44 45 46 47 48 49 50 51 52 53 54 55 56 57 58 59 60 61 62 63 64 65 66 67 68 69 70 71 72 73 74 75 76 77 78 79 80 81 82 83 84 85 86 87 88 89 90 91 92 93 94 95 96 97 98 99 100
Case #51: 1 32020100679681 64040201359361 96060302039041 128080402718721 160100503398401 192120604078081 224140704757761
Case #52: 1 2851921 5703841 8555761 11407681 14259601 17111521 19963441 22815361 25667281 28519201 31371121 34223041 37074961 39926881 42778801 45630721 48482641 51334561 54186481 57038401 59890321 62742241
Case #53: 1 49852951 99705901 149558851
Case #54: 1 23561928711498
Case #55: 1 550 1099 1648 2197
Case #56: 1 55451109893091940 110902219786183879 166353329679275818 221804439572367757 277255549465459696 332706659358551635 388157769251643574 443608879144735513 499059989037827452 554511098930919391
Case #57: 1 411585606 823171211 1234756816 1646342421 2057928026 2469513631 2881099236 3292684841 3704270446 4115856051 4527441656 4939027261 5350612866 5762198471 6173784076 6585369681 6996955286 7408540891
Case #58: 1 281616872570905 563233745141809 844850617712713 1126467490283617 1408084362854521 1689701235425425 1971318107996329 2252934980567233 2534551853138137 2816168725709041
Case #59: 1
Case #60: 1
Case #61: 1 64
Case #62: 1 6114906 12229811 18344716 24459621 30574526 36689431
Case #63: 1 283744936201 567489872401 851234808601
Case #64: 1 2 3 4 5 6 7 8 9 10 11 12 13 14 15 16 17 18 19 20 21 22 23 24 25 26 27 28 29 30 31 32 33 34 35 36 37 38 39 40 41 42 43 44 45 46 47 48 49 50 51 52 53 54
Case #65: 1
Case #66: 1
Case #67: 1
Case #68: 1 1020770671401010 2041541342802019 3062312014203028 4083082685604037 5103853357005046 6124624028406055
Case #69: 1
Case #70: 1
Case #71: 1 90909090909090910 181818181818181819 272727272727272728 363636363636363637 454545454545454546 545454545454545455 636363636363636364 727272727272727273 818181818181818182 909090909090909091 1000000000000000000
Case #72: 1 28522 57043 85564 114085 142606 171127 199648 228169 256690 285211 313732 342253 370774 399295 427816 456337 484858 513379 541900 570421 598942 627463 655984 684505 713026 741547 770068 798589 827110 855631 884152 912673
Case #73: 1
Case #74: 1 3920801 7841601 11762401 15683201 19604001 23524801 27445601 31366401 35287201 39208001 43128801 47049601 50970401 54891201 58812001 62732801 66653601 70574401 74495201 78416001 82336801 86257601 90178401 94099201
Case #75: 1 3406147921001
Case #76: 1
Case #77: 1 2 3 4 5 6 7 8 9 10 11
Case #78: 1 331735956 663471911 995207866 1326943821 1658679776 1990415731 2322151686 2653887641 2985623596 3317359551 3649095506 3980831461 4312567416 4644303371 4976039326 5307775281 5639511236
Case #79: 1
Case #80: 1
Case #81: 1 125 249 373 497 621 745 869 993 1117 1241 1365 1489 1613 1737 1861 1985 2109 2233 2357 2481 2605 2729 2853 2977 3101 3225 3349 3473 3597 3721
Case #82: 1
Case #83: 1
Case #84: 1 803272939 1606545877 2409818815 3213091753 4016364691 4819637629
Case #85: 1 30304 60607 90910 121213 151516 181819 212122 242425 272728 303031 333334 363637 393940 424243 454546 484849 515152 545455 575758 606061 636364 666667 696970 727273 757576 787879 818182 848485 878788 909091 939394 969697 1000000
Case #86: 1 11
Case #87: 1
Case #88: 1 169895858227849 339791716455697 509687574683545 679583432911393 849479291139241 1019375149367089 1189271007594937 1359166865822785 1529062724050633
Case #89: 1 2 3 4 5 6 7 8 9 10 11 12 13 14
Case #90: 1 17373849114093594 34747698228187187
Case #91: 1 83 165 247 329 411 493 575 657 739 821 903 985 1067 1149 1231 1313 1395 1477 1559
Case #92: 1 55556
Case #93: 1 121 241 361 481 601 721 841 961 1081 1201 1321 1441 1561 1681 1801 1921 2041 2161 2281 2401 2521 2641 2761 2881 3001 3121 3241 3361 3481
Case #94: 1 2 3 4 5
Case #95: 1 2 3 4
Case #96: 1
Case #97: 1
Case #98: 1
Case #99: 1
Case #100: 1 4040405 8080809 12121213 16161617 20202021 24242425 28282829 32323233 36363637 40404041 44444445 48484849 52525253 56565657 60606061 64646465 68686869 72727273 76767677 80808081 84848485 88888889 92929293 96969697
